general/Hampo/app/build/intermediates/manifest_merge_blame_file/debug/manifest-merger-blame-debug-report.txt
1<?xml version="1.0" encoding="utf-8"?>
2<manifest xmlns:android="http://schemas.android.com/apk/res/android"
3    package="com.example.hampo"
4    android:versionCode="1"
5    android:versionName="1.0" >
6
7    <uses-sdk
8        android:minSdkVersion="19"
8-->src\main\AndroidManifest.xml
9        android:targetSdkVersion="30" />
9-->src\main\AndroidManifest.xml
10
11    <uses-permission android:name="android.permission.ACCESS_NETWORK_STATE" />
11-->[com.firebaseui:firebase-ui-auth:6.2.0] AndroidManifest.xml:12:5-79
11-->[com.firebaseui:firebase-ui-auth:6.2.0] AndroidManifest.xml:12:22-76
12    <uses-permission android:name="android.permission.INTERNET" />
12-->[com.firebaseui:firebase-ui-auth:6.2.0] AndroidManifest.xml:13:5-67
12-->[com.firebaseui:firebase-ui-auth:6.2.0] AndroidManifest.xml:13:22-64
13    <uses-permission android:name="android.permission.WAKE_LOCK" />
13-->[com.google.android.gms:play-services-measurement:17.6.0] AndroidManifest.xml:25:5-68
13-->[com.google.android.gms:play-services-measurement:17.6.0] AndroidManifest.xml:25:22-65
14    <uses-permission android:name="com.google.android.finsky.permission.BIND_GET_INSTALL_REFERRER_SERVICE" />
14-->[com.google.android.gms:play-services-measurement:17.6.0] AndroidManifest.xml:26:5-110
14-->[com.google.android.gms:play-services-measurement:17.6.0] AndroidManifest.xml:26:22-107
15
16    <application
16-->src\main\AndroidManifest.xml:5:5-27:19
17        android:allowBackup="true"
17-->src\main\AndroidManifest.xml:6:9-35
18        android:appComponentFactory="androidx.core.app.CoreComponentFactory"
18-->[androidx.core:core:1.3.1] AndroidManifest.xml:24:18-86
19        android:debuggable="true"
20        android:icon="@mipmap/ic_launcher"
20-->src\main\AndroidManifest.xml:7:9-43
21        android:label="@string/app_name"
21-->src\main\AndroidManifest.xml:8:9-41
22        android:roundIcon="@mipmap/ic_launcher_round"
22-->src\main\AndroidManifest.xml:9:9-54
23        android:supportsRtl="true"
23-->src\main\AndroidManifest.xml:10:9-35
24        android:testOnly="true"
25        android:theme="@style/AppTheme" >
25-->src\main\AndroidManifest.xml:11:9-40
26        <activity
26-->src\main\AndroidManifest.xml:12:9-16:20
27            android:name="com.example.hampo.MainActivity"
27-->src\main\AndroidManifest.xml:13:13-41
28            android:theme="@style/AppTheme.NoActionBar" >
28-->src\main\AndroidManifest.xml:14:13-56
29        </activity>
30        <activity android:name="com.example.hampo.LoginActivity" >
30-->src\main\AndroidManifest.xml:17:9-19:20
30-->src\main\AndroidManifest.xml:17:19-48
31        </activity>
32        <activity android:name="com.example.hampo.CustomLoginActivity" >
32-->src\main\AndroidManifest.xml:20:9-26:20
32-->src\main\AndroidManifest.xml:21:13-48
33            <intent-filter>
33-->src\main\AndroidManifest.xml:22:13-25:29
34                <action android:name="android.intent.action.MAIN" />
34-->src\main\AndroidManifest.xml:23:17-69
34-->src\main\AndroidManifest.xml:23:25-66
35
36                <category android:name="android.intent.category.LAUNCHER" />
36-->src\main\AndroidManifest.xml:24:17-77
36-->src\main\AndroidManifest.xml:24:27-74
37            </intent-filter>
38        </activity>
39
40        <meta-data
40-->[com.firebaseui:firebase-ui-auth:6.2.0] AndroidManifest.xml:16:9-18:69
41            android:name="com.google.android.gms.version"
41-->[com.firebaseui:firebase-ui-auth:6.2.0] AndroidManifest.xml:17:13-58
42            android:value="@integer/google_play_services_version" />
42-->[com.firebaseui:firebase-ui-auth:6.2.0] AndroidManifest.xml:18:13-66
43        <meta-data
43-->[com.firebaseui:firebase-ui-auth:6.2.0] AndroidManifest.xml:19:9-21:63
44            android:name="com.facebook.sdk.ApplicationId"
44-->[com.firebaseui:firebase-ui-auth:6.2.0] AndroidManifest.xml:20:13-58
45            android:value="@string/facebook_application_id" />
45-->[com.firebaseui:firebase-ui-auth:6.2.0] AndroidManifest.xml:21:13-60
46
47        <activity
47-->[com.firebaseui:firebase-ui-auth:6.2.0] AndroidManifest.xml:23:9-27:61
48            android:name="com.firebase.ui.auth.KickoffActivity"
48-->[com.firebaseui:firebase-ui-auth:6.2.0] AndroidManifest.xml:24:13-64
49            android:exported="false"
49-->[com.firebaseui:firebase-ui-auth:6.2.0] AndroidManifest.xml:25:13-37
50            android:label=""
50-->[com.firebaseui:firebase-ui-auth:6.2.0] AndroidManifest.xml:26:13-29
51            android:theme="@style/FirebaseUI.Transparent" />
51-->[com.firebaseui:firebase-ui-auth:6.2.0] AndroidManifest.xml:27:13-58
52        <activity
52-->[com.firebaseui:firebase-ui-auth:6.2.0] AndroidManifest.xml:28:9-32:61
53            android:name="com.firebase.ui.auth.ui.idp.SingleSignInActivity"
53-->[com.firebaseui:firebase-ui-auth:6.2.0] AndroidManifest.xml:29:13-76
54            android:exported="false"
54-->[com.firebaseui:firebase-ui-auth:6.2.0] AndroidManifest.xml:30:13-37
55            android:label=""
55-->[com.firebaseui:firebase-ui-auth:6.2.0] AndroidManifest.xml:31:13-29
56            android:theme="@style/FirebaseUI.Transparent" />
56-->[com.firebaseui:firebase-ui-auth:6.2.0] AndroidManifest.xml:32:13-58
57        <activity
57-->[com.firebaseui:firebase-ui-auth:6.2.0] AndroidManifest.xml:33:9-37:61
58            android:name="com.firebase.ui.auth.ui.credentials.CredentialSaveActivity"
58-->[com.firebaseui:firebase-ui-auth:6.2.0] AndroidManifest.xml:34:13-86
59            android:exported="false"
59-->[com.firebaseui:firebase-ui-auth:6.2.0] AndroidManifest.xml:35:13-37
60            android:label=""
60-->[com.firebaseui:firebase-ui-auth:6.2.0] AndroidManifest.xml:36:13-29
61            android:theme="@style/FirebaseUI.Transparent" />
61-->[com.firebaseui:firebase-ui-auth:6.2.0] AndroidManifest.xml:37:13-58
62        <activity
62-->[com.firebaseui:firebase-ui-auth:6.2.0] AndroidManifest.xml:38:9-42:58
63            android:name="com.firebase.ui.auth.ui.email.RecoverPasswordActivity"
63-->[com.firebaseui:firebase-ui-auth:6.2.0] AndroidManifest.xml:39:13-81
64            android:exported="false"
64-->[com.firebaseui:firebase-ui-auth:6.2.0] AndroidManifest.xml:40:13-37
65            android:label="@string/fui_title_recover_password_activity"
65-->[com.firebaseui:firebase-ui-auth:6.2.0] AndroidManifest.xml:41:13-72
66            android:windowSoftInputMode="adjustResize" />
66-->[com.firebaseui:firebase-ui-auth:6.2.0] AndroidManifest.xml:42:13-55
67        <activity
67-->[com.firebaseui:firebase-ui-auth:6.2.0] AndroidManifest.xml:43:9-47:58
68            android:name="com.firebase.ui.auth.ui.email.EmailActivity"
68-->[com.firebaseui:firebase-ui-auth:6.2.0] AndroidManifest.xml:44:13-71
69            android:exported="false"
69-->[com.firebaseui:firebase-ui-auth:6.2.0] AndroidManifest.xml:45:13-37
70            android:label="@string/fui_sign_in_default"
70-->[com.firebaseui:firebase-ui-auth:6.2.0] AndroidManifest.xml:46:13-56
71            android:windowSoftInputMode="adjustResize" />
71-->[com.firebaseui:firebase-ui-auth:6.2.0] AndroidManifest.xml:47:13-55
72        <activity
72-->[com.firebaseui:firebase-ui-auth:6.2.0] AndroidManifest.xml:48:9-52:77
73            android:name="com.firebase.ui.auth.ui.phone.PhoneActivity"
73-->[com.firebaseui:firebase-ui-auth:6.2.0] AndroidManifest.xml:49:13-71
74            android:exported="false"
74-->[com.firebaseui:firebase-ui-auth:6.2.0] AndroidManifest.xml:50:13-37
75            android:label="@string/fui_sign_in_with_phone_number"
75-->[com.firebaseui:firebase-ui-auth:6.2.0] AndroidManifest.xml:51:13-66
76            android:windowSoftInputMode="adjustResize|stateAlwaysVisible" />
76-->[com.firebaseui:firebase-ui-auth:6.2.0] AndroidManifest.xml:52:13-74
77        <activity
77-->[com.firebaseui:firebase-ui-auth:6.2.0] AndroidManifest.xml:53:9-57:58
78            android:name="com.firebase.ui.auth.ui.idp.WelcomeBackIdpPrompt"
78-->[com.firebaseui:firebase-ui-auth:6.2.0] AndroidManifest.xml:54:13-76
79            android:exported="false"
79-->[com.firebaseui:firebase-ui-auth:6.2.0] AndroidManifest.xml:55:13-37
80            android:label="@string/fui_title_welcome_back_idp_prompt"
80-->[com.firebaseui:firebase-ui-auth:6.2.0] AndroidManifest.xml:56:13-70
81            android:windowSoftInputMode="adjustResize" />
81-->[com.firebaseui:firebase-ui-auth:6.2.0] AndroidManifest.xml:57:13-55
82        <activity
82-->[com.firebaseui:firebase-ui-auth:6.2.0] AndroidManifest.xml:58:9-62:58
83            android:name="com.firebase.ui.auth.ui.email.WelcomeBackPasswordPrompt"
83-->[com.firebaseui:firebase-ui-auth:6.2.0] AndroidManifest.xml:59:13-83
84            android:exported="false"
84-->[com.firebaseui:firebase-ui-auth:6.2.0] AndroidManifest.xml:60:13-37
85            android:label="@string/fui_title_welcome_back_password_prompt"
85-->[com.firebaseui:firebase-ui-auth:6.2.0] AndroidManifest.xml:61:13-75
86            android:windowSoftInputMode="adjustResize" />
86-->[com.firebaseui:firebase-ui-auth:6.2.0] AndroidManifest.xml:62:13-55
87        <activity
87-->[com.firebaseui:firebase-ui-auth:6.2.0] AndroidManifest.xml:63:9-67:58
88            android:name="com.firebase.ui.auth.ui.email.WelcomeBackEmailLinkPrompt"
88-->[com.firebaseui:firebase-ui-auth:6.2.0] AndroidManifest.xml:64:13-84
89            android:exported="false"
89-->[com.firebaseui:firebase-ui-auth:6.2.0] AndroidManifest.xml:65:13-37
90            android:label="@string/fui_title_welcome_back_password_prompt"
90-->[com.firebaseui:firebase-ui-auth:6.2.0] AndroidManifest.xml:66:13-75
91            android:windowSoftInputMode="adjustResize" />
91-->[com.firebaseui:firebase-ui-auth:6.2.0] AndroidManifest.xml:67:13-55
92        <activity
92-->[com.firebaseui:firebase-ui-auth:6.2.0] AndroidManifest.xml:68:9-73:58
93            android:name="com.firebase.ui.auth.ui.email.EmailLinkCatcherActivity"
93-->[com.firebaseui:firebase-ui-auth:6.2.0] AndroidManifest.xml:69:13-82
94            android:exported="false"
94-->[com.firebaseui:firebase-ui-auth:6.2.0] AndroidManifest.xml:70:13-37
95            android:label=""
95-->[com.firebaseui:firebase-ui-auth:6.2.0] AndroidManifest.xml:71:13-29
96            android:theme="@style/FirebaseUI.Transparent"
96-->[com.firebaseui:firebase-ui-auth:6.2.0] AndroidManifest.xml:72:13-58
97            android:windowSoftInputMode="adjustResize" />
97-->[com.firebaseui:firebase-ui-auth:6.2.0] AndroidManifest.xml:73:13-55
98        <activity
98-->[com.firebaseui:firebase-ui-auth:6.2.0] AndroidManifest.xml:74:9-78:58
99            android:name="com.firebase.ui.auth.ui.email.EmailLinkErrorRecoveryActivity"
99-->[com.firebaseui:firebase-ui-auth:6.2.0] AndroidManifest.xml:75:13-88
100            android:exported="false"
100-->[com.firebaseui:firebase-ui-auth:6.2.0] AndroidManifest.xml:76:13-37
101            android:label="@string/fui_sign_in_default"
101-->[com.firebaseui:firebase-ui-auth:6.2.0] AndroidManifest.xml:77:13-56
102            android:windowSoftInputMode="adjustResize" />
102-->[com.firebaseui:firebase-ui-auth:6.2.0] AndroidManifest.xml:78:13-55
103        <activity
103-->[com.firebaseui:firebase-ui-auth:6.2.0] AndroidManifest.xml:79:9-82:65
104            android:name="com.firebase.ui.auth.ui.idp.AuthMethodPickerActivity"
104-->[com.firebaseui:firebase-ui-auth:6.2.0] AndroidManifest.xml:80:13-80
105            android:exported="false"
105-->[com.firebaseui:firebase-ui-auth:6.2.0] AndroidManifest.xml:81:13-37
106            android:label="@string/fui_default_toolbar_title" />
106-->[com.firebaseui:firebase-ui-auth:6.2.0] AndroidManifest.xml:82:13-62
107        <activity
107-->[com.firebaseui:firebase-ui-auth:6.2.0] AndroidManifest.xml:83:9-87:48
108            android:name="com.facebook.FacebookActivity"
108-->[com.firebaseui:firebase-ui-auth:6.2.0] AndroidManifest.xml:84:13-57
109            android:configChanges="keyboard|keyboardHidden|screenLayout|screenSize|orientation"
109-->[com.firebaseui:firebase-ui-auth:6.2.0] AndroidManifest.xml:85:13-96
110            android:label="@string/app_name" />
110-->[com.firebaseui:firebase-ui-auth:6.2.0] AndroidManifest.xml:86:13-45
111        <activity
111-->[com.firebaseui:firebase-ui-auth:6.2.0] AndroidManifest.xml:88:9-100:20
112            android:name="com.facebook.CustomTabActivity"
112-->[com.firebaseui:firebase-ui-auth:6.2.0] AndroidManifest.xml:89:13-58
113            android:exported="true" >
113-->[com.firebaseui:firebase-ui-auth:6.2.0] AndroidManifest.xml:90:13-36
114            <intent-filter>
114-->[com.firebaseui:firebase-ui-auth:6.2.0] AndroidManifest.xml:92:13-99:29
115                <action android:name="android.intent.action.VIEW" />
115-->[com.firebaseui:firebase-ui-auth:6.2.0] AndroidManifest.xml:93:17-69
115-->[com.firebaseui:firebase-ui-auth:6.2.0] AndroidManifest.xml:93:25-66
116
117                <category android:name="android.intent.category.DEFAULT" />
117-->[com.firebaseui:firebase-ui-auth:6.2.0] AndroidManifest.xml:95:17-76
117-->[com.firebaseui:firebase-ui-auth:6.2.0] AndroidManifest.xml:95:27-73
118                <category android:name="android.intent.category.BROWSABLE" />
118-->[com.firebaseui:firebase-ui-auth:6.2.0] AndroidManifest.xml:96:17-78
118-->[com.firebaseui:firebase-ui-auth:6.2.0] AndroidManifest.xml:96:27-75
119
120                <data android:scheme="@string/facebook_login_protocol_scheme" />
120-->[com.firebaseui:firebase-ui-auth:6.2.0] AndroidManifest.xml:98:17-81
120-->[com.firebaseui:firebase-ui-auth:6.2.0] AndroidManifest.xml:98:23-78
121            </intent-filter>
122        </activity>
123
124        <provider
124-->[com.firebaseui:firebase-ui-auth:6.2.0] AndroidManifest.xml:102:9-106:38
125            android:name="com.firebase.ui.auth.data.client.AuthUiInitProvider"
125-->[com.firebaseui:firebase-ui-auth:6.2.0] AndroidManifest.xml:103:13-79
126            android:authorities="com.example.hampo.authuiinitprovider"
126-->[com.firebaseui:firebase-ui-auth:6.2.0] AndroidManifest.xml:104:13-70
127            android:exported="false"
127-->[com.firebaseui:firebase-ui-auth:6.2.0] AndroidManifest.xml:105:13-37
128            android:initOrder="90" />
128-->[com.firebaseui:firebase-ui-auth:6.2.0] AndroidManifest.xml:106:13-35
129
130        <activity
130-->[com.google.firebase:firebase-auth:20.0.0] AndroidManifest.xml:27:9-34:50
131            android:name="com.google.firebase.auth.internal.FederatedSignInActivity"
131-->[com.google.firebase:firebase-auth:20.0.0] AndroidManifest.xml:28:13-85
132            android:excludeFromRecents="true"
132-->[com.google.firebase:firebase-auth:20.0.0] AndroidManifest.xml:29:13-46
133            android:exported="true"
133-->[com.google.firebase:firebase-auth:20.0.0] AndroidManifest.xml:30:13-36
134            android:launchMode="singleTask"
134-->[com.google.firebase:firebase-auth:20.0.0] AndroidManifest.xml:31:13-44
135            android:permission="com.google.firebase.auth.api.gms.permission.LAUNCH_FEDERATED_SIGN_IN"
135-->[com.google.firebase:firebase-auth:20.0.0] AndroidManifest.xml:32:13-102
136            android:theme="@android:style/Theme.Translucent.NoTitleBar" />
136-->[com.google.firebase:firebase-auth:20.0.0] AndroidManifest.xml:33:13-72
137        <activity
137-->[com.google.firebase:firebase-auth:20.0.0] AndroidManifest.xml:35:9-52:20
138            android:name="com.google.firebase.auth.internal.GenericIdpActivity"
138-->[com.google.firebase:firebase-auth:20.0.0] AndroidManifest.xml:36:13-80
139            android:excludeFromRecents="true"
139-->[com.google.firebase:firebase-auth:20.0.0] AndroidManifest.xml:37:13-46
140            android:exported="true"
140-->[com.google.firebase:firebase-auth:20.0.0] AndroidManifest.xml:38:13-36
141            android:launchMode="singleTask"
141-->[com.google.firebase:firebase-auth:20.0.0] AndroidManifest.xml:39:13-44
142            android:theme="@android:style/Theme.Translucent.NoTitleBar" >
142-->[com.google.firebase:firebase-auth:20.0.0] AndroidManifest.xml:40:13-72
143            <intent-filter>
143-->[com.google.firebase:firebase-auth:20.0.0] AndroidManifest.xml:41:13-51:29
144                <action android:name="android.intent.action.VIEW" />
144-->[com.firebaseui:firebase-ui-auth:6.2.0] AndroidManifest.xml:93:17-69
144-->[com.firebaseui:firebase-ui-auth:6.2.0] AndroidManifest.xml:93:25-66
145
146                <category android:name="android.intent.category.DEFAULT" />
146-->[com.firebaseui:firebase-ui-auth:6.2.0] AndroidManifest.xml:95:17-76
146-->[com.firebaseui:firebase-ui-auth:6.2.0] AndroidManifest.xml:95:27-73
147                <category android:name="android.intent.category.BROWSABLE" />
147-->[com.firebaseui:firebase-ui-auth:6.2.0] AndroidManifest.xml:96:17-78
147-->[com.firebaseui:firebase-ui-auth:6.2.0] AndroidManifest.xml:96:27-75
148
149                <data
149-->[com.firebaseui:firebase-ui-auth:6.2.0] AndroidManifest.xml:98:17-81
150                    android:host="firebase.auth"
151                    android:path="/"
152                    android:scheme="genericidp" />
152-->[com.firebaseui:firebase-ui-auth:6.2.0] AndroidManifest.xml:98:23-78
153            </intent-filter>
154        </activity>
155        <activity
155-->[com.google.firebase:firebase-auth:20.0.0] AndroidManifest.xml:53:9-70:20
156            android:name="com.google.firebase.auth.internal.RecaptchaActivity"
156-->[com.google.firebase:firebase-auth:20.0.0] AndroidManifest.xml:54:13-79
157            android:excludeFromRecents="true"
157-->[com.google.firebase:firebase-auth:20.0.0] AndroidManifest.xml:55:13-46
158            android:exported="true"
158-->[com.google.firebase:firebase-auth:20.0.0] AndroidManifest.xml:56:13-36
159            android:launchMode="singleTask"
159-->[com.google.firebase:firebase-auth:20.0.0] AndroidManifest.xml:57:13-44
160            android:theme="@android:style/Theme.Translucent.NoTitleBar" >
160-->[com.google.firebase:firebase-auth:20.0.0] AndroidManifest.xml:58:13-72
161            <intent-filter>
161-->[com.google.firebase:firebase-auth:20.0.0] AndroidManifest.xml:59:13-69:29
162                <action android:name="android.intent.action.VIEW" />
162-->[com.firebaseui:firebase-ui-auth:6.2.0] AndroidManifest.xml:93:17-69
162-->[com.firebaseui:firebase-ui-auth:6.2.0] AndroidManifest.xml:93:25-66
163
164                <category android:name="android.intent.category.DEFAULT" />
164-->[com.firebaseui:firebase-ui-auth:6.2.0] AndroidManifest.xml:95:17-76
164-->[com.firebaseui:firebase-ui-auth:6.2.0] AndroidManifest.xml:95:27-73
165                <category android:name="android.intent.category.BROWSABLE" />
165-->[com.firebaseui:firebase-ui-auth:6.2.0] AndroidManifest.xml:96:17-78
165-->[com.firebaseui:firebase-ui-auth:6.2.0] AndroidManifest.xml:96:27-75
166
167                <data
167-->[com.firebaseui:firebase-ui-auth:6.2.0] AndroidManifest.xml:98:17-81
168                    android:host="firebase.auth"
169                    android:path="/"
170                    android:scheme="recaptcha" />
170-->[com.firebaseui:firebase-ui-auth:6.2.0] AndroidManifest.xml:98:23-78
171            </intent-filter>
172        </activity>
173
174        <service
174-->[com.google.firebase:firebase-auth:20.0.0] AndroidManifest.xml:72:9-81:19
175            android:name="com.google.firebase.auth.api.fallback.service.FirebaseAuthFallbackService"
175-->[com.google.firebase:firebase-auth:20.0.0] AndroidManifest.xml:73:13-101
176            android:enabled="true"
176-->[com.google.firebase:firebase-auth:20.0.0] AndroidManifest.xml:74:13-35
177            android:exported="false" >
177-->[com.google.firebase:firebase-auth:20.0.0] AndroidManifest.xml:75:13-37
178            <intent-filter>
178-->[com.google.firebase:firebase-auth:20.0.0] AndroidManifest.xml:76:13-80:29
179                <action android:name="com.google.firebase.auth.api.gms.service.START" />
179-->[com.google.firebase:firebase-auth:20.0.0] AndroidManifest.xml:77:17-89
179-->[com.google.firebase:firebase-auth:20.0.0] AndroidManifest.xml:77:25-86
180
181                <category android:name="android.intent.category.DEFAULT" />
181-->[com.firebaseui:firebase-ui-auth:6.2.0] AndroidManifest.xml:95:17-76
181-->[com.firebaseui:firebase-ui-auth:6.2.0] AndroidManifest.xml:95:27-73
182            </intent-filter>
183        </service>
184        <service
184-->[com.google.firebase:firebase-auth:20.0.0] AndroidManifest.xml:82:9-88:19
185            android:name="com.google.firebase.components.ComponentDiscoveryService"
185-->[com.google.firebase:firebase-auth:20.0.0] AndroidManifest.xml:83:13-84
186            android:directBootAware="true"
186-->[com.google.firebase:firebase-common:19.3.0] AndroidManifest.xml:34:13-43
187            android:exported="false" >
187-->[com.google.firebase:firebase-auth:20.0.0] AndroidManifest.xml:84:13-37
188            <meta-data
188-->[com.google.firebase:firebase-auth:20.0.0] AndroidManifest.xml:85:13-87:85
189                android:name="com.google.firebase.components:com.google.firebase.auth.FirebaseAuthRegistrar"
189-->[com.google.firebase:firebase-auth:20.0.0] AndroidManifest.xml:86:17-109
190                android:value="com.google.firebase.components.ComponentRegistrar" />
190-->[com.google.firebase:firebase-auth:20.0.0] AndroidManifest.xml:87:17-82
191            <meta-data
191-->[com.google.android.gms:play-services-measurement-api:17.6.0] AndroidManifest.xml:30:13-32:85
192                android:name="com.google.firebase.components:com.google.firebase.analytics.connector.internal.AnalyticsConnectorRegistrar"
192-->[com.google.android.gms:play-services-measurement-api:17.6.0] AndroidManifest.xml:31:17-139
193                android:value="com.google.firebase.components.ComponentRegistrar" />
193-->[com.google.android.gms:play-services-measurement-api:17.6.0] AndroidManifest.xml:32:17-82
194            <meta-data
194-->[com.google.firebase:firebase-installations:16.3.2] AndroidManifest.xml:17:13-19:85
195                android:name="com.google.firebase.components:com.google.firebase.installations.FirebaseInstallationsRegistrar"
195-->[com.google.firebase:firebase-installations:16.3.2] AndroidManifest.xml:18:17-127
196                android:value="com.google.firebase.components.ComponentRegistrar" />
196-->[com.google.firebase:firebase-installations:16.3.2] AndroidManifest.xml:19:17-82
197        </service>
198
199        <activity
199-->[com.google.android.gms:play-services-auth:17.0.0] AndroidManifest.xml:23:9-27:75
200            android:name="com.google.android.gms.auth.api.signin.internal.SignInHubActivity"
200-->[com.google.android.gms:play-services-auth:17.0.0] AndroidManifest.xml:24:13-93
201            android:excludeFromRecents="true"
201-->[com.google.android.gms:play-services-auth:17.0.0] AndroidManifest.xml:25:13-46
202            android:exported="false"
202-->[com.google.android.gms:play-services-auth:17.0.0] AndroidManifest.xml:26:13-37
203            android:theme="@android:style/Theme.Translucent.NoTitleBar" />
203-->[com.google.android.gms:play-services-auth:17.0.0] AndroidManifest.xml:27:13-72
204        <!--
205            Service handling Google Sign-In user revocation. For apps that do not integrate with
206            Google Sign-In, this service will never be started.
207        -->
208        <service
208-->[com.google.android.gms:play-services-auth:17.0.0] AndroidManifest.xml:33:9-36:110
209            android:name="com.google.android.gms.auth.api.signin.RevocationBoundService"
209-->[com.google.android.gms:play-services-auth:17.0.0] AndroidManifest.xml:34:13-89
210            android:exported="true"
210-->[com.google.android.gms:play-services-auth:17.0.0] AndroidManifest.xml:35:13-36
211            android:permission="com.google.android.gms.auth.api.signin.permission.REVOCATION_NOTIFICATION" />
211-->[com.google.android.gms:play-services-auth:17.0.0] AndroidManifest.xml:36:13-107
212
213        <activity
213-->[com.google.android.gms:play-services-base:17.1.0] AndroidManifest.xml:23:9-26:75
214            android:name="com.google.android.gms.common.api.GoogleApiActivity"
214-->[com.google.android.gms:play-services-base:17.1.0] AndroidManifest.xml:24:13-79
215            android:exported="false"
215-->[com.google.android.gms:play-services-base:17.1.0] AndroidManifest.xml:25:13-37
216            android:theme="@android:style/Theme.Translucent.NoTitleBar" />
216-->[com.google.android.gms:play-services-base:17.1.0] AndroidManifest.xml:26:13-72
217
218        <receiver
218-->[com.google.android.gms:play-services-measurement:17.6.0] AndroidManifest.xml:29:9-33:20
219            android:name="com.google.android.gms.measurement.AppMeasurementReceiver"
219-->[com.google.android.gms:play-services-measurement:17.6.0] AndroidManifest.xml:30:13-85
220            android:enabled="true"
220-->[com.google.android.gms:play-services-measurement:17.6.0] AndroidManifest.xml:31:13-35
221            android:exported="false" >
221-->[com.google.android.gms:play-services-measurement:17.6.0] AndroidManifest.xml:32:13-37
222        </receiver>
223
224        <service
224-->[com.google.android.gms:play-services-measurement:17.6.0] AndroidManifest.xml:35:9-38:40
225            android:name="com.google.android.gms.measurement.AppMeasurementService"
225-->[com.google.android.gms:play-services-measurement:17.6.0] AndroidManifest.xml:36:13-84
226            android:enabled="true"
226-->[com.google.android.gms:play-services-measurement:17.6.0] AndroidManifest.xml:37:13-35
227            android:exported="false" />
227-->[com.google.android.gms:play-services-measurement:17.6.0] AndroidManifest.xml:38:13-37
228        <service
228-->[com.google.android.gms:play-services-measurement:17.6.0] AndroidManifest.xml:39:9-43:72
229            android:name="com.google.android.gms.measurement.AppMeasurementJobService"
229-->[com.google.android.gms:play-services-measurement:17.6.0] AndroidManifest.xml:40:13-87
230            android:enabled="true"
230-->[com.google.android.gms:play-services-measurement:17.6.0] AndroidManifest.xml:41:13-35
231            android:exported="false"
231-->[com.google.android.gms:play-services-measurement:17.6.0] AndroidManifest.xml:42:13-37
232            android:permission="android.permission.BIND_JOB_SERVICE" />
232-->[com.google.android.gms:play-services-measurement:17.6.0] AndroidManifest.xml:43:13-69
233
234        <provider
234-->[com.google.firebase:firebase-common:19.3.0] AndroidManifest.xml:26:9-30:39
235            android:name="com.google.firebase.provider.FirebaseInitProvider"
235-->[com.google.firebase:firebase-common:19.3.0] AndroidManifest.xml:27:13-77
236            android:authorities="com.example.hampo.firebaseinitprovider"
236-->[com.google.firebase:firebase-common:19.3.0] AndroidManifest.xml:28:13-72
237            android:exported="false"
237-->[com.google.firebase:firebase-common:19.3.0] AndroidManifest.xml:29:13-37
238            android:initOrder="100" />
238-->[com.google.firebase:firebase-common:19.3.0] AndroidManifest.xml:30:13-36
239        <provider
239-->[androidx.lifecycle:lifecycle-process:2.2.0] AndroidManifest.xml:25:9-29:43
240            android:name="androidx.lifecycle.ProcessLifecycleOwnerInitializer"
240-->[androidx.lifecycle:lifecycle-process:2.2.0] AndroidManifest.xml:26:13-79
241            android:authorities="com.example.hampo.lifecycle-process"
241-->[androidx.lifecycle:lifecycle-process:2.2.0] AndroidManifest.xml:27:13-69
242            android:exported="false"
242-->[androidx.lifecycle:lifecycle-process:2.2.0] AndroidManifest.xml:28:13-37
243            android:multiprocess="true" />
243-->[androidx.lifecycle:lifecycle-process:2.2.0] AndroidManifest.xml:29:13-40
244    </application>
245
246</manifest>